<?xml version="1.0" encoding="utf-8"?>
<?AutomationStudio Version="4.6.7.161 SP"?>
<Objects>
  <Object
    Path="C:\Users\gupta.mani\Desktop\test\reids\Logical\Package.pkg"
    LogicalPath=""
    Type="Package.ParentUnknown"
    LastWriteTime="133222035439948893" />
  <Object
    Path="C:\Users\gupta.mani\Desktop\test\reids\Logical\Global.typ"
    LogicalPath="Global.typ"
    Type="File"
    LastWriteTime="133222023881523987"
    Private="false" />
  <Object
    Path="C:\Users\gupta.mani\Desktop\test\reids\Logical\Global.var"
    LogicalPath="Global.var"
    Type="File"
    LastWriteTime="133222023881534100"
    Private="false" />
  <Object
    Path="C:\Users\gupta.mani\Desktop\test\reids\Logical\Libraries\Package.pkg"
    LogicalPath="Libraries"
    Type="Package"
    LastWriteTime="133222050521497645" />
  <Object
    Path="C:\Users\gupta.mani\Desktop\test\reids\Logical\Libraries\operator\binary.lby"
    LogicalPath="Libraries.operator"
    Type="Library"
    LastWriteTime="133222023884400290" />
  <Object
    Path="C:\Users\gupta.mani\Desktop\test\reids\Logical\Libraries\operator\operator.fun"
    LogicalPath="Libraries.operator.operator.fun"
    Type="File"
    LastWriteTime="133222023884375194"
    Private="false" />
  <Object
    Path="C:\Users\gupta.mani\Desktop\test\reids\Logical\Libraries\operator\operator.typ"
    LogicalPath="Libraries.operator.operator.typ"
    Type="File"
    LastWriteTime="133222023884385255"
    Private="false" />
  <Object
    Path="C:\Users\gupta.mani\Desktop\test\reids\Logical\Libraries\operator\operator.var"
    LogicalPath="Libraries.operator.operator.var"
    Type="File"
    LastWriteTime="133222023884385255"
    Private="false" />
  <Object
    Path="C:\Users\gupta.mani\Desktop\test\reids\Logical\Libraries\runtime\binary.lby"
    LogicalPath="Libraries.runtime"
    Type="Library"
    LastWriteTime="133222023887443335" />
  <Object
    Path="C:\Users\gupta.mani\Desktop\test\reids\Logical\Libraries\runtime\runtime.fun"
    LogicalPath="Libraries.runtime.runtime.fun"
    Type="File"
    LastWriteTime="133222023887410275"
    Private="false" />
  <Object
    Path="C:\Users\gupta.mani\Desktop\test\reids\Logical\Libraries\runtime\runtime.typ"
    LogicalPath="Libraries.runtime.runtime.typ"
    Type="File"
    LastWriteTime="133222023887420285"
    Private="false" />
  <Object
    Path="C:\Users\gupta.mani\Desktop\test\reids\Logical\Libraries\runtime\runtime.var"
    LogicalPath="Libraries.runtime.runtime.var"
    Type="File"
    LastWriteTime="133222023887430271"
    Private="false" />
  <Object
    Path="C:\Users\gupta.mani\Desktop\test\reids\Logical\Libraries\astime\binary.lby"
    LogicalPath="Libraries.astime"
    Type="Library"
    LastWriteTime="133222023890118114" />
  <Object
    Path="C:\Users\gupta.mani\Desktop\test\reids\Logical\Libraries\astime\astime.fun"
    LogicalPath="Libraries.astime.astime.fun"
    Type="File"
    LastWriteTime="133222023890084205"
    Private="false" />
  <Object
    Path="C:\Users\gupta.mani\Desktop\test\reids\Logical\Libraries\astime\astime.typ"
    LogicalPath="Libraries.astime.astime.typ"
    Type="File"
    LastWriteTime="133222023890094332"
    Private="false" />
  <Object
    Path="C:\Users\gupta.mani\Desktop\test\reids\Logical\Libraries\astime\astime.var"
    LogicalPath="Libraries.astime.astime.var"
    Type="File"
    LastWriteTime="133222023890106348"
    Private="false" />
  <Object
    Path="C:\Users\gupta.mani\Desktop\test\reids\Logical\Libraries\AsIecCon\binary.lby"
    LogicalPath="Libraries.AsIecCon"
    Type="Library"
    LastWriteTime="133222023893316552" />
  <Object
    Path="C:\Users\gupta.mani\Desktop\test\reids\Logical\Libraries\AsIecCon\AsIecCon.fun"
    LogicalPath="Libraries.AsIecCon.AsIecCon.fun"
    Type="File"
    LastWriteTime="133222023893285180"
    Private="false" />
  <Object
    Path="C:\Users\gupta.mani\Desktop\test\reids\Logical\Libraries\AsIecCon\AsIecCon.typ"
    LogicalPath="Libraries.AsIecCon.AsIecCon.typ"
    Type="File"
    LastWriteTime="133222023893296464"
    Private="false" />
  <Object
    Path="C:\Users\gupta.mani\Desktop\test\reids\Logical\Libraries\AsIecCon\AsIecCon.var"
    LogicalPath="Libraries.AsIecCon.AsIecCon.var"
    Type="File"
    LastWriteTime="133222023893306543"
    Private="false" />
  <Object
    Path="C:\Users\gupta.mani\Desktop\test\reids\Logical\Libraries\AsBrStr\binary.lby"
    LogicalPath="Libraries.AsBrStr"
    Type="Library"
    LastWriteTime="133222050521262409" />
  <Object
    Path="C:\Users\gupta.mani\Desktop\test\reids\Logical\Libraries\AsBrStr\AsBrStr.fun"
    LogicalPath="Libraries.AsBrStr.AsBrStr.fun"
    Type="File"
    LastWriteTime="133222050521222378"
    Private="false" />
  <Object
    Path="C:\Users\gupta.mani\Desktop\test\reids\Logical\Libraries\AsBrStr\AsBrStr.typ"
    LogicalPath="Libraries.AsBrStr.AsBrStr.typ"
    Type="File"
    LastWriteTime="133222050521242378"
    Private="false" />
  <Object
    Path="C:\Users\gupta.mani\Desktop\test\reids\Logical\Libraries\AsBrStr\AsBrStr.var"
    LogicalPath="Libraries.AsBrStr.AsBrStr.var"
    Type="File"
    LastWriteTime="133222050521252427"
    Private="false" />
  <Object
    Path="C:\Users\gupta.mani\Desktop\test\reids\Logical\RevInfo\Package.pkg"
    LogicalPath="RevInfo"
    Type="Package"
    LastWriteTime="132844904100000000" />
  <Object
    Path="C:\Users\gupta.mani\Desktop\test\reids\Logical\RevInfo\getRevInfo.sh"
    LogicalPath="RevInfo.getRevInfo.sh"
    Type="File"
    LastWriteTime="132847495760000000"
    Private="false" />
  <Object
    Path="C:\Users\gupta.mani\Desktop\test\reids\Logical\RevInfo\RevInfo.var"
    LogicalPath="RevInfo.RevInfo.var"
    Type="File"
    LastWriteTime="133222050884235720"
    Private="true" />
  <Object
    Path="C:\Users\gupta.mani\Desktop\test\reids\Logical\RevInfo\RevInfo\IEC.prg"
    LogicalPath="RevInfo.RevInfo"
    Type="Program"
    LastWriteTime="132844905420000000" />
  <Object
    Path="C:\Users\gupta.mani\Desktop\test\reids\Logical\RevInfo\RevInfo\Main.st"
    LogicalPath="RevInfo.RevInfo.Main.st"
    Type="File"
    LastWriteTime="133222053221225629"
    Private="false" />
  <Object
    Path="C:\Users\gupta.mani\Desktop\test\reids\Logical\RevInfo\RevInfo\Types.typ"
    LogicalPath="RevInfo.RevInfo.Types.typ"
    Type="File"
    LastWriteTime="132806102440000000"
    Private="true" />
  <Object
    Path="C:\Users\gupta.mani\Desktop\test\reids\Logical\RevInfo\RevInfo\Variables.var"
    LogicalPath="RevInfo.RevInfo.Variables.var"
    Type="File"
    LastWriteTime="132806139480000000"
    Private="true" />
  <Object
    Path="C:\Users\gupta.mani\Desktop\test\reids\Physical\Config1\Config.pkg"
    LogicalPath="Config1"
    Type="Configuration.ParentUnknown"
    LastWriteTime="133222023914103851" />
  <Object
    Path="C:\Users\gupta.mani\Desktop\test\reids\Physical\Config1\Hardware.hw"
    LogicalPath="Config1.Hardware.hw"
    Type="File"
    LastWriteTime="133222063580720617"
    Private="false" />
  <Object
    Path="C:\Users\gupta.mani\Desktop\test\reids\Physical\Config1\Hardware.hwl"
    LogicalPath="Config1.Hardware.hwl"
    Type="File"
    LastWriteTime="133222034100266019"
    Private="false" />
  <Object
    Path="C:\Users\gupta.mani\Desktop\test\reids\Physical\Config1\X20CP1586\Cpu.pkg"
    LogicalPath="Config1.X20CP1586"
    Type="Cpu"
    LastWriteTime="133222046771794981" />
  <Object
    Path="C:\Users\gupta.mani\Desktop\test\reids\Physical\Config1\X20CP1586\Cpu.sw"
    LogicalPath="Config1.X20CP1586.Cpu.sw"
    Type="File"
    LastWriteTime="133222050521657484"
    Private="false" />
  <Object
    Path="C:\Users\gupta.mani\Desktop\test\reids\Physical\Config1\X20CP1586\Cpu.per"
    LogicalPath="Config1.X20CP1586.Cpu.per"
    Type="File"
    LastWriteTime="133222023895280752"
    Private="false" />
  <Object
    Path="C:\Users\gupta.mani\Desktop\test\reids\Physical\Config1\X20CP1586\IoMap.iom"
    LogicalPath="Config1.X20CP1586.IoMap.iom"
    Type="File"
    LastWriteTime="133222023895290752"
    Private="false" />
  <Object
    Path="C:\Users\gupta.mani\Desktop\test\reids\Physical\Config1\X20CP1586\PvMap.vvm"
    LogicalPath="Config1.X20CP1586.PvMap.vvm"
    Type="File"
    LastWriteTime="133222023895372675"
    Private="false" />
  <Object
    Path="C:\Users\gupta.mani\Desktop\test\reids\Physical\Config1\X20CP1586\Connectivity\Package.pkg"
    LogicalPath="Config1.X20CP1586.Connectivity"
    Type="Package"
    LastWriteTime="133222023895973565" />
  <Object
    Path="C:\Users\gupta.mani\Desktop\test\reids\Physical\Config1\X20CP1586\Connectivity\OpcUA\Package.pkg"
    LogicalPath="Config1.X20CP1586.Connectivity.OpcUA"
    Type="Package"
    LastWriteTime="133222023895973565" />
  <Object
    Path="C:\Users\gupta.mani\Desktop\test\reids\Physical\Config1\X20CP1586\TextSystem\Package.pkg"
    LogicalPath="Config1.X20CP1586.TextSystem"
    Type="Package"
    LastWriteTime="133222023896003647" />
  <Object
    Path="C:\Users\gupta.mani\Desktop\test\reids\Physical\Config1\X20CP1586\UnitSystem\Package.pkg"
    LogicalPath="Config1.X20CP1586.UnitSystem"
    Type="Package"
    LastWriteTime="133222023896033919" />
  <Object
    Path="C:\Users\gupta.mani\Desktop\test\reids\Physical\Config1\X20CP1586\AccessAndSecurity\Package.pkg"
    LogicalPath="Config1.X20CP1586.AccessAndSecurity"
    Type="Package"
    LastWriteTime="133222023896505438" />
  <Object
    Path="C:\Users\gupta.mani\Desktop\test\reids\Physical\Config1\X20CP1586\AccessAndSecurity\UserRoleSystem\Package.pkg"
    LogicalPath="Config1.X20CP1586.AccessAndSecurity.UserRoleSystem"
    Type="Package"
    LastWriteTime="133222023896122209" />
  <Object
    Path="C:\Users\gupta.mani\Desktop\test\reids\Physical\Config1\X20CP1586\AccessAndSecurity\UserRoleSystem\Role.role"
    LogicalPath="Config1.X20CP1586.AccessAndSecurity.UserRoleSystem.Role.role"
    Type="File"
    LastWriteTime="133222023896108332"
    Private="false" />
  <Object
    Path="C:\Users\gupta.mani\Desktop\test\reids\Physical\Config1\X20CP1586\AccessAndSecurity\UserRoleSystem\User.user"
    LogicalPath="Config1.X20CP1586.AccessAndSecurity.UserRoleSystem.User.user"
    Type="File"
    LastWriteTime="133222023896122209"
    Private="false" />
  <Object
    Path="C:\Users\gupta.mani\Desktop\test\reids\Physical\Config1\X20CP1586\AccessAndSecurity\CertificateStore\Package.pkg"
    LogicalPath="Config1.X20CP1586.AccessAndSecurity.CertificateStore"
    Type="Package"
    LastWriteTime="133222023896410236" />
  <Object
    Path="C:\Users\gupta.mani\Desktop\test\reids\Physical\Config1\X20CP1586\AccessAndSecurity\CertificateStore\OwnCertificates\Package.pkg"
    LogicalPath="Config1.X20CP1586.AccessAndSecurity.CertificateStore.OwnCertificates"
    Type="Package"
    LastWriteTime="133222023896266588" />
  <Object
    Path="C:\Users\gupta.mani\Desktop\test\reids\Physical\Config1\X20CP1586\AccessAndSecurity\CertificateStore\OwnCertificates\Certificates\Package.pkg"
    LogicalPath="Config1.X20CP1586.AccessAndSecurity.CertificateStore.OwnCertificates.Certificates"
    Type="Package"
    LastWriteTime="133222023896236115" />
  <Object
    Path="C:\Users\gupta.mani\Desktop\test\reids\Physical\Config1\X20CP1586\AccessAndSecurity\CertificateStore\OwnCertificates\PrivateKeys\Package.pkg"
    LogicalPath="Config1.X20CP1586.AccessAndSecurity.CertificateStore.OwnCertificates.PrivateKeys"
    Type="Package"
    LastWriteTime="133222023896266588" />
  <Object
    Path="C:\Users\gupta.mani\Desktop\test\reids\Physical\Config1\X20CP1586\AccessAndSecurity\CertificateStore\ThirdPartyCertificates\Package.pkg"
    LogicalPath="Config1.X20CP1586.AccessAndSecurity.CertificateStore.ThirdPartyCertificates"
    Type="Package"
    LastWriteTime="133222023896328444" />
  <Object
    Path="C:\Users\gupta.mani\Desktop\test\reids\Physical\Config1\X20CP1586\AccessAndSecurity\CertificateStore\ThirdPartyCertificates\SoftwareCertificates\Package.pkg"
    LogicalPath="Config1.X20CP1586.AccessAndSecurity.CertificateStore.ThirdPartyCertificates.SoftwareCertificates"
    Type="Package"
    LastWriteTime="133222023896328444" />
  <Object
    Path="C:\Users\gupta.mani\Desktop\test\reids\Physical\Config1\X20CP1586\AccessAndSecurity\CertificateStore\CertificateRevocationLists\Package.pkg"
    LogicalPath="Config1.X20CP1586.AccessAndSecurity.CertificateStore.CertificateRevocationLists"
    Type="Package"
    LastWriteTime="133222023896362697" />
  <Object
    Path="C:\Users\gupta.mani\Desktop\test\reids\Physical\Config1\X20CP1586\AccessAndSecurity\CertificateStore\CertificateSigningRequests\Package.pkg"
    LogicalPath="Config1.X20CP1586.AccessAndSecurity.CertificateStore.CertificateSigningRequests"
    Type="Package"
    LastWriteTime="133222023896400125" />
  <Object
    Path="C:\Users\gupta.mani\Desktop\test\reids\Physical\Config1\X20CP1586\AccessAndSecurity\TransportLayerSecurity\Package.pkg"
    LogicalPath="Config1.X20CP1586.AccessAndSecurity.TransportLayerSecurity"
    Type="Package"
    LastWriteTime="133222023896440262" />
  <Object
    Path="C:\Users\gupta.mani\Desktop\test\reids\Physical\Config1\X20CP1586\AccessAndSecurity\Firewall\Package.pkg"
    LogicalPath="Config1.X20CP1586.AccessAndSecurity.Firewall"
    Type="Package"
    LastWriteTime="133222023896505438" />
  <Object
    Path="C:\Users\gupta.mani\Desktop\test\reids\Physical\Config1\X20CP1586\AccessAndSecurity\Firewall\Rules.firewallRules"
    LogicalPath="Config1.X20CP1586.AccessAndSecurity.Firewall.Rules.firewallRules"
    Type="File"
    LastWriteTime="133222023896495333"
    Private="false" />
  <Object
    Path="C:\Users\gupta.mani\Desktop\test\reids\Physical\Config1\X20CP1586\mappControl\Package.pkg"
    LogicalPath="Config1.X20CP1586.mappControl"
    Type="Package"
    LastWriteTime="133222023896555438" />
  <Object
    Path="C:\Users\gupta.mani\Desktop\test\reids\Physical\Config1\X20CP1586\mappMotion\Package.pkg"
    LogicalPath="Config1.X20CP1586.mappMotion"
    Type="Package"
    LastWriteTime="133222023896595431" />
  <Object
    Path="C:\Users\gupta.mani\Desktop\test\reids\Physical\Config1\X20CP1586\mappServices\Package.pkg"
    LogicalPath="Config1.X20CP1586.mappServices"
    Type="Package"
    LastWriteTime="133222023896628006" />
  <Object
    Path="C:\Users\gupta.mani\Desktop\test\reids\Physical\Config1\X20CP1586\mappView\Package.pkg"
    LogicalPath="Config1.X20CP1586.mappView"
    Type="Package"
    LastWriteTime="133222023896732658" />
  <Object
    Path="C:\Users\gupta.mani\Desktop\test\reids\Physical\Config1\X20CP1586\mappCockpit\Package.pkg"
    LogicalPath="Config1.X20CP1586.mappCockpit"
    Type="Package"
    LastWriteTime="133222023896765427" />
  <Object
    Path="C:\Users\gupta.mani\Desktop\test\reids\Physical\Config1\Hardware.jpg"
    LogicalPath="Config1.Hardware.jpg"
    Type="File"
    LastWriteTime="133222034100296016"
    Private="false" />
</Objects>